<?xml version="1.0" encoding="UTF-8" standalone="no"?><testsuite errors="0" failures="1" name="Create an employee." skipped="0" tests="1" time="0.61" timestamp="2023-07-10 01:32:09"><testcase name="Create an employee."><failure message="1 expectation failed.&#10;Expected status code &lt;200&gt; but was &lt;429&gt;.&#10;&#13;&#10;1 expectation failed.&#10;XML path data.name doesn't match.&#10;Expected: Jorge&#10;  Actual: &lt;&gt;&#10;" type="java.lang.AssertionError">1 expectation failed.
Expected status code &lt;200&gt; but was &lt;429&gt;.
&#13;
1 expectation failed.
XML path data.name doesn't match.
Expected: Jorge
  Actual: &lt;&gt;
</failure><system-err>1 expectation failed.
Expected status code &lt;200&gt; but was &lt;429&gt;.
&#13;
1 expectation failed.
XML path data.name doesn't match.
Expected: Jorge
  Actual: &lt;&gt;
&#13;
automationApi.stepdefinitions.stepdefinitionspost.theUserShouldSeeThatTheResponseReturnsTheNameSalaryAgeAndAnId(stepdefinitionspost.java:29)&#13;
✽.the user should see that the response returns the name "Jorge" salary "10.000" age "25" and an Id.(file:///D:/Choucair/Prueba_API_Choucair/src/test/resources/features/postEmployees.feature:9)&#13;
</system-err></testcase></testsuite>